<?xml version="1.0" encoding="UTF-8"?>
<!-- Generated by org.testng.reporters.JUnitReportReporter -->
<testsuite hostname="LAPTOP-9CD0R3BI" failures="0" tests="3" name="com.weborders.tests.SmokeTest" time="35.086" errors="0" timestamp="2020-04-10T08:12:05 EDT" skipped="0">
  <testcase classname="com.weborders.tests.SmokeTest" name="smokeTest" time="12.037"/>
  <system-out/>
  <testcase classname="com.weborders.tests.SmokeTest" name="smokeTest" time="11.636"/>
  <system-out/>
  <testcase classname="com.weborders.tests.SmokeTest" name="smokeTest" time="11.413"/>
  <system-out/>
</testsuite> <!-- com.weborders.tests.SmokeTest -->
