<?xml version="1.0" encoding="UTF-8"?>
<!-- Generated by org.testng.reporters.JUnitReportReporter -->
<testsuite hostname="LAPTOP-9CD0R3BI" failures="0" tests="3" name="com.weborders.tests.SmokeTest" time="35.211" errors="0" timestamp="2020-04-06T09:26:16 EDT" skipped="0">
  <testcase classname="com.weborders.tests.SmokeTest" name="smokeTest" time="11.947"/>
  <system-out/>
  <testcase classname="com.weborders.tests.SmokeTest" name="smokeTest" time="11.459"/>
  <system-out/>
  <testcase classname="com.weborders.tests.SmokeTest" name="smokeTest" time="11.805"/>
  <system-out/>
</testsuite> <!-- com.weborders.tests.SmokeTest -->
